
> frontendv2@0.0.0 dev
> vite


  VITE v5.4.11  ready in 149 ms

  ➜  Local:   http://localhost:1113/
  ➜  Network: use --host to expose
3:06:51 PM [vite] hmr update /src/index.css, /src/pages/RealtimeDashboard.tsx, /src/components/Crypto/RealtimePriceCard.tsx
3:06:51 PM [vite] hmr update /src/pages/RealtimeDashboard.tsx, /src/index.css
3:06:51 PM [vite] hmr update /src/index.css, /src/pages/RealtimeDashboard.tsx, /src/components/Crypto/RealtimePriceCard.tsx
3:07:58 PM [vite] hmr update /src/pages/RealtimeDashboard.tsx, /src/index.css
3:07:59 PM [vite] hmr update /src/pages/RealtimeDashboard.tsx, /src/index.css
3:07:59 PM [vite] hmr update /src/index.css, /src/pages/RealtimeDashboard.tsx, /src/components/Crypto/RealtimePriceCard.tsx
3:07:59 PM [vite] hmr update /src/pages/RealtimeDashboard.tsx, /src/index.css
3:07:59 PM [vite] hmr update /src/index.css, /src/pages/RealtimeDashboard.tsx, /src/components/Crypto/RealtimePriceCard.tsx
3:08:33 PM [vite] hmr update /src/pages/RealtimeDashboard.tsx, /src/index.css
3:08:36 PM [vite] hmr update /src/pages/RealtimeDashboard.tsx, /src/index.css
3:08:36 PM [vite] Internal server error: /Users/js/Documents/GitHub/Work/UnitTest/FrontEndV2/src/pages/RealtimeDashboard.tsx: Unexpected token, expected "}" (374:12)

  372 |                 );
  373 |               })
> 374 |             ) : (
      |             ^
  375 |               <div className="col-span-full text-center py-12 text-gray-400">
  376 |                 No cryptocurrencies available
  377 |               </div>
  Plugin: vite:react-babel
  File: /Users/js/Documents/GitHub/Work/UnitTest/FrontEndV2/src/pages/RealtimeDashboard.tsx:374:12
  372|                  );
  373|                })
  374|              ) : (
     |              ^
  375|                <div className="col-span-full text-center py-12 text-gray-400">
  376|                  No cryptocurrencies available
      at constructor (/Users/js/Documents/GitHub/Work/UnitTest/FrontEndV2/node_modules/@babel/parser/lib/index.js:367:19)
      at TypeScriptParserMixin.raise (/Users/js/Documents/GitHub/Work/UnitTest/FrontEndV2/node_modules/@babel/parser/lib/index.js:6624:19)
      at TypeScriptParserMixin.unexpected (/Users/js/Documents/GitHub/Work/UnitTest/FrontEndV2/node_modules/@babel/parser/lib/index.js:6644:16)
      at TypeScriptParserMixin.expect (/Users/js/Documents/GitHub/Work/UnitTest/FrontEndV2/node_modules/@babel/parser/lib/index.js:6924:12)
      at TypeScriptParserMixin.jsxParseExpressionContainer (/Users/js/Documents/GitHub/Work/UnitTest/FrontEndV2/node_modules/@babel/parser/lib/index.js:4666:10)
      at TypeScriptParserMixin.jsxParseElementAt (/Users/js/Documents/GitHub/Work/UnitTest/FrontEndV2/node_modules/@babel/parser/lib/index.js:4740:36)
      at TypeScriptParserMixin.jsxParseElement (/Users/js/Documents/GitHub/Work/UnitTest/FrontEndV2/node_modules/@babel/parser/lib/index.js:4778:17)
      at TypeScriptParserMixin.parseExprAtom (/Users/js/Documents/GitHub/Work/UnitTest/FrontEndV2/node_modules/@babel/parser/lib/index.js:4788:19)
      at TypeScriptParserMixin.parseExprSubscripts (/Users/js/Documents/GitHub/Work/UnitTest/FrontEndV2/node_modules/@babel/parser/lib/index.js:11145:23)
      at TypeScriptParserMixin.parseUpdate (/Users/js/Documents/GitHub/Work/UnitTest/FrontEndV2/node_modules/@babel/parser/lib/index.js:11130:21)
      at TypeScriptParserMixin.parseMaybeUnary (/Users/js/Documents/GitHub/Work/UnitTest/FrontEndV2/node_modules/@babel/parser/lib/index.js:11110:23)
      at TypeScriptParserMixin.parseMaybeUnary (/Users/js/Documents/GitHub/Work/UnitTest/FrontEndV2/node_modules/@babel/parser/lib/index.js:9890:18)
      at TypeScriptParserMixin.parseMaybeUnaryOrPrivate (/Users/js/Documents/GitHub/Work/UnitTest/FrontEndV2/node_modules/@babel/parser/lib/index.js:10963:61)
      at TypeScriptParserMixin.parseExprOps (/Users/js/Documents/GitHub/Work/UnitTest/FrontEndV2/node_modules/@babel/parser/lib/index.js:10968:23)
      at TypeScriptParserMixin.parseMaybeConditional (/Users/js/Documents/GitHub/Work/UnitTest/FrontEndV2/node_modules/@babel/parser/lib/index.js:10945:23)
      at TypeScriptParserMixin.parseMaybeAssign (/Users/js/Documents/GitHub/Work/UnitTest/FrontEndV2/node_modules/@babel/parser/lib/index.js:10895:21)
      at /Users/js/Documents/GitHub/Work/UnitTest/FrontEndV2/node_modules/@babel/parser/lib/index.js:9828:39
      at TypeScriptParserMixin.tryParse (/Users/js/Documents/GitHub/Work/UnitTest/FrontEndV2/node_modules/@babel/parser/lib/index.js:6932:20)
      at TypeScriptParserMixin.parseMaybeAssign (/Users/js/Documents/GitHub/Work/UnitTest/FrontEndV2/node_modules/@babel/parser/lib/index.js:9828:18)
      at /Users/js/Documents/GitHub/Work/UnitTest/FrontEndV2/node_modules/@babel/parser/lib/index.js:10864:39
      at TypeScriptParserMixin.allowInAnd (/Users/js/Documents/GitHub/Work/UnitTest/FrontEndV2/node_modules/@babel/parser/lib/index.js:12500:12)
      at TypeScriptParserMixin.parseMaybeAssignAllowIn (/Users/js/Documents/GitHub/Work/UnitTest/FrontEndV2/node_modules/@babel/parser/lib/index.js:10864:17)
      at TypeScriptParserMixin.parseMaybeAssignAllowInOrVoidPattern (/Users/js/Documents/GitHub/Work/UnitTest/FrontEndV2/node_modules/@babel/parser/lib/index.js:12567:17)
      at TypeScriptParserMixin.parseParenAndDistinguishExpression (/Users/js/Documents/GitHub/Work/UnitTest/FrontEndV2/node_modules/@babel/parser/lib/index.js:11747:28)
      at TypeScriptParserMixin.parseExprAtom (/Users/js/Documents/GitHub/Work/UnitTest/FrontEndV2/node_modules/@babel/parser/lib/index.js:11395:23)
      at TypeScriptParserMixin.parseExprAtom (/Users/js/Documents/GitHub/Work/UnitTest/FrontEndV2/node_modules/@babel/parser/lib/index.js:4793:20)
      at TypeScriptParserMixin.parseExprSubscripts (/Users/js/Documents/GitHub/Work/UnitTest/FrontEndV2/node_modules/@babel/parser/lib/index.js:11145:23)
      at TypeScriptParserMixin.parseUpdate (/Users/js/Documents/GitHub/Work/UnitTest/FrontEndV2/node_modules/@babel/parser/lib/index.js:11130:21)
      at TypeScriptParserMixin.parseMaybeUnary (/Users/js/Documents/GitHub/Work/UnitTest/FrontEndV2/node_modules/@babel/parser/lib/index.js:11110:23)
      at TypeScriptParserMixin.parseMaybeUnary (/Users/js/Documents/GitHub/Work/UnitTest/FrontEndV2/node_modules/@babel/parser/lib/index.js:9890:18)
      at TypeScriptParserMixin.parseMaybeUnaryOrPrivate (/Users/js/Documents/GitHub/Work/UnitTest/FrontEndV2/node_modules/@babel/parser/lib/index.js:10963:61)
      at TypeScriptParserMixin.parseExprOps (/Users/js/Documents/GitHub/Work/UnitTest/FrontEndV2/node_modules/@babel/parser/lib/index.js:10968:23)
      at TypeScriptParserMixin.parseMaybeConditional (/Users/js/Documents/GitHub/Work/UnitTest/FrontEndV2/node_modules/@babel/parser/lib/index.js:10945:23)
      at TypeScriptParserMixin.parseMaybeAssign (/Users/js/Documents/GitHub/Work/UnitTest/FrontEndV2/node_modules/@babel/parser/lib/index.js:10895:21)
      at TypeScriptParserMixin.parseMaybeAssign (/Users/js/Documents/GitHub/Work/UnitTest/FrontEndV2/node_modules/@babel/parser/lib/index.js:9839:20)
      at /Users/js/Documents/GitHub/Work/UnitTest/FrontEndV2/node_modules/@babel/parser/lib/index.js:10864:39
      at TypeScriptParserMixin.allowInAnd (/Users/js/Documents/GitHub/Work/UnitTest/FrontEndV2/node_modules/@babel/parser/lib/index.js:12500:12)
      at TypeScriptParserMixin.parseMaybeAssignAllowIn (/Users/js/Documents/GitHub/Work/UnitTest/FrontEndV2/node_modules/@babel/parser/lib/index.js:10864:17)
      at TypeScriptParserMixin.parseConditional (/Users/js/Documents/GitHub/Work/UnitTest/FrontEndV2/node_modules/@babel/parser/lib/index.js:10955:30)
      at TypeScriptParserMixin.parseConditional (/Users/js/Documents/GitHub/Work/UnitTest/FrontEndV2/node_modules/@babel/parser/lib/index.js:9664:18)
      at TypeScriptParserMixin.parseMaybeConditional (/Users/js/Documents/GitHub/Work/UnitTest/FrontEndV2/node_modules/@babel/parser/lib/index.js:10949:17)
      at TypeScriptParserMixin.parseMaybeAssign (/Users/js/Documents/GitHub/Work/UnitTest/FrontEndV2/node_modules/@babel/parser/lib/index.js:10895:21)
      at TypeScriptParserMixin.parseMaybeAssign (/Users/js/Documents/GitHub/Work/UnitTest/FrontEndV2/node_modules/@babel/parser/lib/index.js:9839:20)
      at TypeScriptParserMixin.parseExpressionBase (/Users/js/Documents/GitHub/Work/UnitTest/FrontEndV2/node_modules/@babel/parser/lib/index.js:10848:23)
      at /Users/js/Documents/GitHub/Work/UnitTest/FrontEndV2/node_modules/@babel/parser/lib/index.js:10844:39
      at TypeScriptParserMixin.allowInAnd (/Users/js/Documents/GitHub/Work/UnitTest/FrontEndV2/node_modules/@babel/parser/lib/index.js:12500:12)
      at TypeScriptParserMixin.parseExpression (/Users/js/Documents/GitHub/Work/UnitTest/FrontEndV2/node_modules/@babel/parser/lib/index.js:10844:17)
      at TypeScriptParserMixin.jsxParseExpressionContainer (/Users/js/Documents/GitHub/Work/UnitTest/FrontEndV2/node_modules/@babel/parser/lib/index.js:4661:31)
      at TypeScriptParserMixin.jsxParseElementAt (/Users/js/Documents/GitHub/Work/UnitTest/FrontEndV2/node_modules/@babel/parser/lib/index.js:4740:36)
      at TypeScriptParserMixin.jsxParseElement (/Users/js/Documents/GitHub/Work/UnitTest/FrontEndV2/node_modules/@babel/parser/lib/index.js:4778:17)
3:08:37 PM [vite] hmr update /src/pages/RealtimeDashboard.tsx, /src/index.css
3:08:47 PM [vite] hmr update /src/pages/RealtimeDashboard.tsx, /src/index.css
3:08:55 PM [vite] hmr update /src/pages/RealtimeDashboard.tsx, /src/index.css
3:09:39 PM [vite] hmr update /src/pages/RealtimeDashboard.tsx, /src/index.css
3:09:39 PM [vite] hmr update /src/index.css, /src/pages/RealtimeDashboard.tsx, /src/components/Crypto/RealtimePriceCard.tsx
3:13:12 PM [vite] hmr update /src/App_WithRouter.tsx, /src/index.css, /src/pages/LoginPage.tsx, /src/pages/CryptoPage.tsx, /src/pages/RegisterPage.tsx, /src/pages/UsersManagementPage.tsx, /src/pages/RealtimeDashboard.tsx, /src/pages/ProfilePage.tsx, /src/components/Layout/DashboardNavbar.tsx
3:13:14 PM [vite] hmr update /src/pages/RealtimeDashboard.tsx, /src/index.css
3:13:17 PM [vite] hmr update /src/pages/RealtimeDashboard.tsx, /src/index.css
3:13:19 PM [vite] hmr update /src/pages/RealtimeDashboard.tsx, /src/index.css
3:13:20 PM [vite] hmr update /src/pages/RealtimeDashboard.tsx, /src/index.css
3:13:45 PM [vite] hmr update /src/pages/RealtimeDashboard.tsx, /src/index.css
3:14:03 PM [vite] hmr update /src/App_WithRouter.tsx, /src/index.css, /src/pages/LoginPage.tsx, /src/pages/CryptoPage.tsx, /src/pages/RegisterPage.tsx, /src/pages/UsersManagementPage.tsx, /src/pages/RealtimeDashboard.tsx, /src/pages/ProfilePage.tsx, /src/components/Layout/DashboardNavbar.tsx
3:14:03 PM [vite] hmr update /src/pages/RealtimeDashboard.tsx, /src/index.css
3:15:04 PM [vite] hmr update /src/pages/RealtimeDashboard.tsx, /src/index.css
3:15:55 PM [vite] hmr update /src/pages/RealtimeDashboard.tsx, /src/index.css
3:16:06 PM [vite] hmr update /src/pages/RealtimeDashboard.tsx, /src/index.css
3:16:42 PM [vite] hmr update /src/App_WithRouter.tsx, /src/index.css, /src/pages/LoginPage.tsx, /src/pages/CryptoPage.tsx, /src/pages/RegisterPage.tsx, /src/pages/UsersManagementPage.tsx, /src/pages/RealtimeDashboard.tsx, /src/pages/ProfilePage.tsx, /src/components/Layout/DashboardNavbar.tsx
3:16:43 PM [vite] hmr update /src/pages/RealtimeDashboard.tsx, /src/index.css
3:16:43 PM [vite] hmr update /src/index.css, /src/pages/RealtimeDashboard.tsx, /src/components/Crypto/RealtimePriceCard.tsx
3:17:20 PM [vite] hmr update /src/pages/RealtimeDashboard.tsx, /src/index.css
3:17:23 PM [vite] hmr update /src/pages/RealtimeDashboard.tsx, /src/index.css
3:17:25 PM [vite] hmr update /src/pages/RealtimeDashboard.tsx, /src/index.css
3:17:25 PM [vite] hmr update /src/pages/RealtimeDashboard.tsx, /src/index.css
3:17:49 PM [vite] hmr update /src/pages/RealtimeDashboard.tsx, /src/index.css
3:18:05 PM [vite] hmr update /src/pages/RealtimeDashboard.tsx, /src/index.css
3:18:15 PM [vite] hmr update /src/pages/RealtimeDashboard.tsx, /src/index.css
3:18:40 PM [vite] hmr update /src/pages/RealtimeDashboard.tsx, /src/index.css
3:18:49 PM [vite] hmr update /src/pages/RealtimeDashboard.tsx, /src/index.css
3:18:59 PM [vite] hmr update /src/pages/RealtimeDashboard.tsx, /src/index.css
3:19:31 PM [vite] hmr update /src/index.css
3:19:32 PM [vite] hmr update /src/index.css, /src/pages/RealtimeDashboard.tsx, /src/components/Crypto/RealtimePriceCard.tsx
3:19:32 PM [vite] hmr update /src/pages/RealtimeDashboard.tsx, /src/index.css
3:19:32 PM [vite] hmr update /src/pages/RealtimeDashboard.tsx, /src/index.css
3:20:30 PM [vite] hmr update /src/pages/CryptoPage.tsx, /src/index.css
3:20:32 PM [vite] hmr update /src/pages/CryptoPage.tsx, /src/index.css
3:20:47 PM [vite] hmr update /src/pages/CryptoPage.tsx, /src/index.css
3:20:51 PM [vite] hmr update /src/pages/CryptoPage.tsx, /src/index.css
3:21:00 PM [vite] hmr update /src/pages/CryptoPage.tsx, /src/index.css
3:21:11 PM [vite] hmr update /src/pages/CryptoPage.tsx, /src/index.css
3:27:29 PM [vite] hmr update /src/index.css, /src/pages/RealtimeDashboard.tsx, /src/components/Crypto/RealtimePriceCard.tsx, /src/pages/CryptoPage.tsx
3:27:29 PM [vite] hmr update /src/index.css
3:27:29 PM [vite] hmr update /src/pages/CryptoPage.tsx, /src/index.css
3:27:29 PM [vite] hmr update /src/pages/RealtimeDashboard.tsx, /src/index.css
3:27:29 PM [vite] hmr update /src/App_WithRouter.tsx, /src/index.css, /src/pages/LoginPage.tsx, /src/pages/CryptoPage.tsx, /src/pages/RegisterPage.tsx, /src/pages/UsersManagementPage.tsx, /src/pages/RealtimeDashboard.tsx, /src/pages/ProfilePage.tsx, /src/components/Layout/DashboardNavbar.tsx
3:27:29 PM [vite] vite.config.ts changed, restarting server...
3:27:29 PM [vite] server restarted.
3:27:31 PM [vite] vite.config.ts changed, restarting server...
3:27:31 PM [vite] server restarted.
